<?xml version="1.0" encoding="UTF-8"?>
<!DOCTYPE mapper PUBLIC "-//mybatis.org//DTD Mapper 3.0//EN" "http://mybatis.org/dtd/mybatis-3-mapper.dtd">
<mapper namespace="mapper.test">


	<select id="selecttest" resultType="testDTO">
		select * from member
	</select>
	
	<select id="numbercount" resultType="int">
		select count(*) from member
	</select>
</mapper>